2022-05-24T07:20:25.186957+09:00 0 [System] [MY-013169] [Server] /usr/sbin/mysqld (mysqld 8.0.28) initializing of server in progress as process 42
2022-05-24T07:20:25.193004+09:00 0 [Warning] [MY-010159] [Server] Setting lower_case_table_names=2 because file system for /var/lib/mysql/ is case insensitive
2022-05-24T07:20:25.209195+09:00 1 [System] [MY-013576] [InnoDB] InnoDB initialization has started.
2022-05-24T07:20:27.272727+09:00 1 [System] [MY-013577] [InnoDB] InnoDB initialization has ended.
2022-05-24T07:20:29.201861+09:00 6 [Warning] [MY-010453] [Server] root@localhost is created with an empty password ! Please consider switching off the --initialize-insecure option.
2022-05-24T07:20:34.282863+09:00 0 [System] [MY-010116] [Server] /usr/sbin/mysqld (mysqld 8.0.28) starting as process 91
2022-05-24T07:20:34.288394+09:00 0 [Warning] [MY-010159] [Server] Setting lower_case_table_names=2 because file system for /var/lib/mysql/ is case insensitive
2022-05-24T07:20:34.307593+09:00 1 [System] [MY-013576] [InnoDB] InnoDB initialization has started.
2022-05-24T07:20:34.958492+09:00 1 [System] [MY-013577] [InnoDB] InnoDB initialization has ended.
2022-05-24T07:20:35.231110+09:00 0 [Warning] [MY-010068] [Server] CA certificate ca.pem is self signed.
2022-05-24T07:20:35.231527+09:00 0 [System] [MY-013602] [Server] Channel mysql_main configured to support TLS. Encrypted connections are now supported for this channel.
2022-05-24T07:20:35.240105+09:00 0 [Warning] [MY-011810] [Server] Insecure configuration for --pid-file: Location '/var/run/mysqld' in the path is accessible to all OS users. Consider choosing a different directory.
2022-05-24T07:20:35.271419+09:00 0 [System] [MY-011323] [Server] X Plugin ready for connections. Socket: /var/run/mysqld/mysqlx.sock
2022-05-24T07:20:35.271569+09:00 0 [System] [MY-010931] [Server] /usr/sbin/mysqld: ready for connections. Version: '8.0.28'  socket: '/var/run/mysqld/mysqld.sock'  port: 0  MySQL Community Server - GPL.
2022-05-24T07:20:39.329709+09:00 11 [System] [MY-013172] [Server] Received SHUTDOWN from user root. Shutting down mysqld (Version: 8.0.28).
2022-05-24T07:20:41.156337+09:00 0 [System] [MY-010910] [Server] /usr/sbin/mysqld: Shutdown complete (mysqld 8.0.28)  MySQL Community Server - GPL.
2022-05-24T07:20:41.549939+09:00 0 [System] [MY-010116] [Server] /usr/sbin/mysqld (mysqld 8.0.28) starting as process 1
2022-05-24T07:20:41.554459+09:00 0 [Warning] [MY-010159] [Server] Setting lower_case_table_names=2 because file system for /var/lib/mysql/ is case insensitive
2022-05-24T07:20:41.570889+09:00 1 [System] [MY-013576] [InnoDB] InnoDB initialization has started.
2022-05-24T07:20:42.183740+09:00 1 [System] [MY-013577] [InnoDB] InnoDB initialization has ended.
2022-05-24T07:20:42.472925+09:00 0 [Warning] [MY-010068] [Server] CA certificate ca.pem is self signed.
2022-05-24T07:20:42.473330+09:00 0 [System] [MY-013602] [Server] Channel mysql_main configured to support TLS. Encrypted connections are now supported for this channel.
2022-05-24T07:20:42.482438+09:00 0 [Warning] [MY-011810] [Server] Insecure configuration for --pid-file: Location '/var/run/mysqld' in the path is accessible to all OS users. Consider choosing a different directory.
2022-05-24T07:20:42.517961+09:00 0 [System] [MY-011323] [Server] X Plugin ready for connections. Bind-address: '::' port: 33060, socket: /var/run/mysqld/mysqlx.sock
2022-05-24T07:20:42.518087+09:00 0 [System] [MY-010931] [Server] /usr/sbin/mysqld: ready for connections. Version: '8.0.28'  socket: '/var/run/mysqld/mysqld.sock'  port: 3306  MySQL Community Server - GPL.
2022-05-24T07:28:26.607374+09:00 0 [System] [MY-013172] [Server] Received SHUTDOWN from user <via user signal>. Shutting down mysqld (Version: 8.0.28).
2022-05-24T07:28:28.608652+09:00 0 [Warning] [MY-010909] [Server] /usr/sbin/mysqld: Forcing close of thread 11  user: 'root'.
2022-05-24T07:28:29.868693+09:00 0 [System] [MY-010910] [Server] /usr/sbin/mysqld: Shutdown complete (mysqld 8.0.28)  MySQL Community Server - GPL.
2022-05-24T07:29:27.197135+09:00 0 [System] [MY-010116] [Server] /usr/sbin/mysqld (mysqld 8.0.28) starting as process 1
2022-05-24T07:29:27.201651+09:00 0 [Warning] [MY-010159] [Server] Setting lower_case_table_names=2 because file system for /var/lib/mysql/ is case insensitive
2022-05-24T07:29:27.217923+09:00 1 [System] [MY-013576] [InnoDB] InnoDB initialization has started.
2022-05-24T07:29:27.872202+09:00 1 [System] [MY-013577] [InnoDB] InnoDB initialization has ended.
2022-05-24T07:29:28.138900+09:00 0 [Warning] [MY-010068] [Server] CA certificate ca.pem is self signed.
2022-05-24T07:29:28.139322+09:00 0 [System] [MY-013602] [Server] Channel mysql_main configured to support TLS. Encrypted connections are now supported for this channel.
2022-05-24T07:29:28.148618+09:00 0 [Warning] [MY-011810] [Server] Insecure configuration for --pid-file: Location '/var/run/mysqld' in the path is accessible to all OS users. Consider choosing a different directory.
2022-05-24T07:29:28.188944+09:00 0 [System] [MY-011323] [Server] X Plugin ready for connections. Bind-address: '::' port: 33060, socket: /var/run/mysqld/mysqlx.sock
2022-05-24T07:29:28.189084+09:00 0 [System] [MY-010931] [Server] /usr/sbin/mysqld: ready for connections. Version: '8.0.28'  socket: '/var/run/mysqld/mysqld.sock'  port: 3306  MySQL Community Server - GPL.
2022-05-24T07:52:38.135395+09:00 0 [System] [MY-013172] [Server] Received SHUTDOWN from user <via user signal>. Shutting down mysqld (Version: 8.0.28).
2022-05-24T07:52:40.136739+09:00 0 [Warning] [MY-010909] [Server] /usr/sbin/mysqld: Forcing close of thread 8  user: 'root'.
2022-05-24T07:52:40.717933+09:00 0 [System] [MY-010910] [Server] /usr/sbin/mysqld: Shutdown complete (mysqld 8.0.28)  MySQL Community Server - GPL.
2022-05-24T07:53:00.163555+09:00 0 [System] [MY-010116] [Server] /usr/sbin/mysqld (mysqld 8.0.28) starting as process 1
2022-05-24T07:53:00.168386+09:00 0 [Warning] [MY-010159] [Server] Setting lower_case_table_names=2 because file system for /var/lib/mysql/ is case insensitive
2022-05-24T07:53:00.182565+09:00 1 [System] [MY-013576] [InnoDB] InnoDB initialization has started.
2022-05-24T07:53:00.784082+09:00 1 [System] [MY-013577] [InnoDB] InnoDB initialization has ended.
2022-05-24T07:53:01.008996+09:00 0 [Warning] [MY-010068] [Server] CA certificate ca.pem is self signed.
2022-05-24T07:53:01.009380+09:00 0 [System] [MY-013602] [Server] Channel mysql_main configured to support TLS. Encrypted connections are now supported for this channel.
2022-05-24T07:53:01.017961+09:00 0 [Warning] [MY-011810] [Server] Insecure configuration for --pid-file: Location '/var/run/mysqld' in the path is accessible to all OS users. Consider choosing a different directory.
2022-05-24T07:53:01.051119+09:00 0 [System] [MY-011323] [Server] X Plugin ready for connections. Bind-address: '::' port: 33060, socket: /var/run/mysqld/mysqlx.sock
2022-05-24T07:53:01.051256+09:00 0 [System] [MY-010931] [Server] /usr/sbin/mysqld: ready for connections. Version: '8.0.28'  socket: '/var/run/mysqld/mysqld.sock'  port: 3306  MySQL Community Server - GPL.
2022-05-24T07:53:05.874276+09:00 8 [Warning] [MY-013360] [Server] Plugin sha256_password reported: ''sha256_password' is deprecated and will be removed in a future release. Please use caching_sha2_password instead'
2022-05-24T07:54:06.911585+09:00 0 [System] [MY-013172] [Server] Received SHUTDOWN from user <via user signal>. Shutting down mysqld (Version: 8.0.28).
2022-05-24T07:54:08.439025+09:00 0 [System] [MY-010910] [Server] /usr/sbin/mysqld: Shutdown complete (mysqld 8.0.28)  MySQL Community Server - GPL.
2022-05-24T07:54:57.335555+09:00 0 [System] [MY-010116] [Server] /usr/sbin/mysqld (mysqld 8.0.28) starting as process 1
2022-05-24T07:54:57.340315+09:00 0 [Warning] [MY-010159] [Server] Setting lower_case_table_names=2 because file system for /var/lib/mysql/ is case insensitive
2022-05-24T07:54:57.356223+09:00 1 [System] [MY-013576] [InnoDB] InnoDB initialization has started.
2022-05-24T07:54:57.967145+09:00 1 [System] [MY-013577] [InnoDB] InnoDB initialization has ended.
2022-05-24T07:54:58.185968+09:00 0 [Warning] [MY-010068] [Server] CA certificate ca.pem is self signed.
2022-05-24T07:54:58.186351+09:00 0 [System] [MY-013602] [Server] Channel mysql_main configured to support TLS. Encrypted connections are now supported for this channel.
2022-05-24T07:54:58.194294+09:00 0 [Warning] [MY-011810] [Server] Insecure configuration for --pid-file: Location '/var/run/mysqld' in the path is accessible to all OS users. Consider choosing a different directory.
2022-05-24T07:54:58.227164+09:00 0 [System] [MY-011323] [Server] X Plugin ready for connections. Bind-address: '::' port: 33060, socket: /var/run/mysqld/mysqlx.sock
2022-05-24T07:54:58.227249+09:00 0 [System] [MY-010931] [Server] /usr/sbin/mysqld: ready for connections. Version: '8.0.28'  socket: '/var/run/mysqld/mysqld.sock'  port: 3306  MySQL Community Server - GPL.
2022-05-24T08:04:37.383908+09:00 0 [System] [MY-013172] [Server] Received SHUTDOWN from user <via user signal>. Shutting down mysqld (Version: 8.0.28).
2022-05-24T08:04:38.689782+09:00 0 [System] [MY-010910] [Server] /usr/sbin/mysqld: Shutdown complete (mysqld 8.0.28)  MySQL Community Server - GPL.
2022-05-24T08:05:05.813528+09:00 0 [System] [MY-010116] [Server] /usr/sbin/mysqld (mysqld 8.0.28) starting as process 1
2022-05-24T08:05:05.818854+09:00 0 [Warning] [MY-010159] [Server] Setting lower_case_table_names=2 because file system for /var/lib/mysql/ is case insensitive
2022-05-24T08:05:05.835775+09:00 1 [System] [MY-013576] [InnoDB] InnoDB initialization has started.
2022-05-24T08:05:06.470918+09:00 1 [System] [MY-013577] [InnoDB] InnoDB initialization has ended.
2022-05-24T08:05:06.710776+09:00 0 [Warning] [MY-010068] [Server] CA certificate ca.pem is self signed.
2022-05-24T08:05:06.711196+09:00 0 [System] [MY-013602] [Server] Channel mysql_main configured to support TLS. Encrypted connections are now supported for this channel.
2022-05-24T08:05:06.719804+09:00 0 [Warning] [MY-011810] [Server] Insecure configuration for --pid-file: Location '/var/run/mysqld' in the path is accessible to all OS users. Consider choosing a different directory.
2022-05-24T08:05:06.755331+09:00 0 [System] [MY-011323] [Server] X Plugin ready for connections. Bind-address: '::' port: 33060, socket: /var/run/mysqld/mysqlx.sock
2022-05-24T08:05:06.755454+09:00 0 [System] [MY-010931] [Server] /usr/sbin/mysqld: ready for connections. Version: '8.0.28'  socket: '/var/run/mysqld/mysqld.sock'  port: 3306  MySQL Community Server - GPL.
2022-05-24T08:07:03.632219+09:00 0 [System] [MY-013172] [Server] Received SHUTDOWN from user <via user signal>. Shutting down mysqld (Version: 8.0.28).
2022-05-24T08:07:05.146082+09:00 0 [System] [MY-010910] [Server] /usr/sbin/mysqld: Shutdown complete (mysqld 8.0.28)  MySQL Community Server - GPL.
2022-05-24T08:07:07.700831+09:00 0 [System] [MY-010116] [Server] /usr/sbin/mysqld (mysqld 8.0.28) starting as process 1
2022-05-24T08:07:07.706430+09:00 0 [Warning] [MY-010159] [Server] Setting lower_case_table_names=2 because file system for /var/lib/mysql/ is case insensitive
2022-05-24T08:07:07.723680+09:00 1 [System] [MY-013576] [InnoDB] InnoDB initialization has started.
2022-05-24T08:07:08.335830+09:00 1 [System] [MY-013577] [InnoDB] InnoDB initialization has ended.
2022-05-24T08:07:08.597266+09:00 0 [Warning] [MY-010068] [Server] CA certificate ca.pem is self signed.
2022-05-24T08:07:08.597819+09:00 0 [System] [MY-013602] [Server] Channel mysql_main configured to support TLS. Encrypted connections are now supported for this channel.
2022-05-24T08:07:08.609073+09:00 0 [Warning] [MY-011810] [Server] Insecure configuration for --pid-file: Location '/var/run/mysqld' in the path is accessible to all OS users. Consider choosing a different directory.
2022-05-24T08:07:08.657814+09:00 0 [System] [MY-011323] [Server] X Plugin ready for connections. Bind-address: '::' port: 33060, socket: /var/run/mysqld/mysqlx.sock
2022-05-24T08:07:08.657943+09:00 0 [System] [MY-010931] [Server] /usr/sbin/mysqld: ready for connections. Version: '8.0.28'  socket: '/var/run/mysqld/mysqld.sock'  port: 3306  MySQL Community Server - GPL.
2022-05-24T08:07:45.600151+09:00 0 [System] [MY-013172] [Server] Received SHUTDOWN from user <via user signal>. Shutting down mysqld (Version: 8.0.28).
2022-05-24T08:07:47.054844+09:00 0 [System] [MY-010910] [Server] /usr/sbin/mysqld: Shutdown complete (mysqld 8.0.28)  MySQL Community Server - GPL.
2022-05-24T08:07:49.605180+09:00 0 [System] [MY-010116] [Server] /usr/sbin/mysqld (mysqld 8.0.28) starting as process 1
2022-05-24T08:07:49.609766+09:00 0 [Warning] [MY-010159] [Server] Setting lower_case_table_names=2 because file system for /var/lib/mysql/ is case insensitive
2022-05-24T08:07:49.624982+09:00 1 [System] [MY-013576] [InnoDB] InnoDB initialization has started.
2022-05-24T08:07:50.565788+09:00 1 [System] [MY-013577] [InnoDB] InnoDB initialization has ended.
2022-05-24T08:07:50.792429+09:00 0 [Warning] [MY-010068] [Server] CA certificate ca.pem is self signed.
2022-05-24T08:07:50.792750+09:00 0 [System] [MY-013602] [Server] Channel mysql_main configured to support TLS. Encrypted connections are now supported for this channel.
2022-05-24T08:07:50.800601+09:00 0 [Warning] [MY-011810] [Server] Insecure configuration for --pid-file: Location '/var/run/mysqld' in the path is accessible to all OS users. Consider choosing a different directory.
2022-05-24T08:07:50.840823+09:00 0 [System] [MY-011323] [Server] X Plugin ready for connections. Bind-address: '::' port: 33060, socket: /var/run/mysqld/mysqlx.sock
2022-05-24T08:07:50.841078+09:00 0 [System] [MY-010931] [Server] /usr/sbin/mysqld: ready for connections. Version: '8.0.28'  socket: '/var/run/mysqld/mysqld.sock'  port: 3306  MySQL Community Server - GPL.
2022-05-24T08:11:23.042263+09:00 11 [Warning] [MY-013360] [Server] Plugin sha256_password reported: ''sha256_password' is deprecated and will be removed in a future release. Please use caching_sha2_password instead'
2022-05-24T08:11:32.951805+09:00 12 [Warning] [MY-013360] [Server] Plugin sha256_password reported: ''sha256_password' is deprecated and will be removed in a future release. Please use caching_sha2_password instead'
mbind: Operation not permitted
